Build started 3/11/2014 8:21:06 AM.
     1>Project "c:\Users\wajiha\documents\visual studio 2010\Projects\CStrings\CStrings\CStrings.vcxproj" on node 2 (build target(s)).
     1>PrepareForBuild:
         Creating directory "c:\users\wajiha\documents\visual studio 2010\Projects\CStrings\Debug\".
       InitializeBuildStatus:
         Creating "Debug\CStrings.unsuccessfulbuild" because "AlwaysCreate" was specified.
       ClCompile:
         c:\Program Files (x86)\Microsoft Visual Studio 10.0\VC\bin\CL.exe /c /ZI /nologo /W3 /WX- /Od /Oy- /D WIN32 /D _DEBUG /D _CONSOLE /D _UNICODE /D UNICODE /Gm /EHsc /RTC1 /MDd /GS /fp:precise /Zc:wchar_t /Zc:forScope /Fo"Debug\\" /Fd"Debug\vc100.pdb" /Gd /TP /analyze- /errorReport:prompt main.cpp
         main.cpp
       ManifestResourceCompile:
         C:\Program Files (x86)\Microsoft SDKs\Windows\v7.0A\bin\rc.exe /nologo /fo"Debug\CStrings.exe.embed.manifest.res" Debug\CStrings_manifest.rc 
       Link:
         c:\Program Files (x86)\Microsoft Visual Studio 10.0\VC\bin\link.exe /ERRORREPORT:PROMPT /OUT:"c:\users\wajiha\documents\visual studio 2010\Projects\CStrings\Debug\CStrings.exe" /INCREMENTAL /NOLOGO kernel32.lib user32.lib gdi32.lib winspool.lib comdlg32.lib advapi32.lib shell32.lib ole32.lib oleaut32.lib uuid.lib odbc32.lib odbccp32.lib /MANIFEST /ManifestFile:"Debug\CStrings.exe.intermediate.manifest" /MANIFESTUAC:"level='asInvoker' uiAccess='false'" /DEBUG /PDB:"c:\users\wajiha\documents\visual studio 2010\Projects\CStrings\Debug\CStrings.pdb" /SUBSYSTEM:CONSOLE /TLBID:1 /DYNAMICBASE /NXCOMPAT /IMPLIB:"c:\users\wajiha\documents\visual studio 2010\Projects\CStrings\Debug\CStrings.lib" /MACHINE:X86 Debug\CStrings.exe.embed.manifest.res
         Debug\main.obj
       Manifest:
         C:\Program Files (x86)\Microsoft SDKs\Windows\v7.0A\bin\mt.exe /nologo /verbose /out:"Debug\CStrings.exe.embed.manifest" /manifest Debug\CStrings.exe.intermediate.manifest
         C:\Program Files (x86)\Microsoft SDKs\Windows\v7.0A\bin\rc.exe /nologo /fo"Debug\CStrings.exe.embed.manifest.res" Debug\CStrings_manifest.rc 
       LinkEmbedManifest:
         c:\Program Files (x86)\Microsoft Visual Studio 10.0\VC\bin\link.exe /ERRORREPORT:PROMPT /OUT:"c:\users\wajiha\documents\visual studio 2010\Projects\CStrings\Debug\CStrings.exe" /INCREMENTAL /NOLOGO kernel32.lib user32.lib gdi32.lib winspool.lib comdlg32.lib advapi32.lib shell32.lib ole32.lib oleaut32.lib uuid.lib odbc32.lib odbccp32.lib /MANIFEST /ManifestFile:"Debug\CStrings.exe.intermediate.manifest" /MANIFESTUAC:"level='asInvoker' uiAccess='false'" /DEBUG /PDB:"c:\users\wajiha\documents\visual studio 2010\Projects\CStrings\Debug\CStrings.pdb" /SUBSYSTEM:CONSOLE /TLBID:1 /DYNAMICBASE /NXCOMPAT /IMPLIB:"c:\users\wajiha\documents\visual studio 2010\Projects\CStrings\Debug\CStrings.lib" /MACHINE:X86 Debug\CStrings.exe.embed.manifest.res
         Debug\main.obj
         CStrings.vcxproj -> c:\users\wajiha\documents\visual studio 2010\Projects\CStrings\Debug\CStrings.exe
       FinalizeBuildStatus:
         Deleting file "Debug\CStrings.unsuccessfulbuild".
         Touching "Debug\CStrings.lastbuildstate".
     1>Done Building Project "c:\Users\wajiha\documents\visual studio 2010\Projects\CStrings\CStrings\CStrings.vcxproj" (build target(s)).

Build succeeded.

Time Elapsed 00:00:02.15
